[bryan-herrera.netlify.app/index.html]
[backblue.gif]
[fade.gif]
[index.html]
[raw.githubusercontent.com/Bryan-Herrera-DEV/Bryan-Herrera-Portfolio/3396725e6593a766f88325ee42fe3a05401acc91/images/profile.jpg]
[bryan-herrera.netlify.app/images/apple-touch-icon.png]
[bryan-herrera.netlify.app/images/favicon-32x32.png]
[bryan-herrera.netlify.app/images/favicon-16x16.png]
[bryan-herrera.netlify.app/images/site.webmanifest]
[bryan-herrera.netlify.app/images/safari-pinned-tab.svg]
[bryan-herrera.netlify.app/style.css]
[cdnjs.cloudflare.com/ajax/libs/typed.js/2.0.11/typed.min.js]
[unpkg.com/aos@2.3.1/dist/aos.css]
[unpkg.com/aos@2.3.1/dist/aos.js]
[bryan-herrera.netlify.app/dist/animsition/animation.min.css]
[bryan-herrera.netlify.app/images/profile-1.webp]
[bryan-herrera.netlify.app/dist/CV.pdf]
[bryan-herrera.netlify.app/images/skills/css3-original-wordmark.svg]
[bryan-herrera.netlify.app/images/skills/javascript.svg]
[bryan-herrera.netlify.app/images/skills/git-original-wordmark.svg]
[bryan-herrera.netlify.app/images/skills/angular.svg]
[bryan-herrera.netlify.app/images/skills/sass-original.svg]
[bryan-herrera.netlify.app/images/skills/nodejs-original-wordmark.svg]
[bryan-herrera.netlify.app/images/skills/mongodb-original-wordmark.svg]
[bryan-herrera.netlify.app/images/skills/mysql-original-wordmark.svg]
[bryan-herrera.netlify.app/images/skills/vscode-original-wordmark.svg]
[bryan-herrera.netlify.app/images/skills/java-original-wordmark.svg]
[bryan-herrera.netlify.app/images/skills/debian-original-wordmark.svg]
[bryan-herrera.netlify.app/images/skills/github-original-wordmark.svg]
[bryan-herrera.netlify.app/images/projects/1.webp]
[bryan-herrera.netlify.app/images/projects/2.webp]
[bryan-herrera.netlify.app/proyectos/responsive-social-platform-ui/index.html]
[media1.tenor.com/images/07bb5d84ddafd6d444312adbd2e471c8/tenor9a3a.html]
[bryan-herrera.netlify.app/proyectos/redmonkeylayout/index.html]
[bryan-herrera.netlify.app/proyectos/ResponsiveBlogger/assets/Background-image.png]
[ajax.googleapis.com/ajax/libs/jquery/1.11.0/jquery.min.js]
[bryan-herrera.netlify.app/proyectos/responsiveblogger/index.html]
[cdnjs.cloudflare.com/ajax/libs/font-awesome/5.11.2/css/all.min.css]
[cdnjs.cloudflare.com/ajax/libs/OwlCarousel2/2.3.4/assets/owl.carousel.min.css]
[cdnjs.cloudflare.com/ajax/libs/OwlCarousel2/2.3.4/owl.carousel.min.js]
[bryan-herrera.netlify.app/dist/animsition/animation.js]
[cdnjs.cloudflare.com/ajax/libs/jquery.lazy/1.7.9/jquery.lazy.min.js]
[cdnjs.cloudflare.com/ajax/libs/jquery.lazy/1.7.9/jquery.lazy.plugins.min.js]
[bryan-herrera.netlify.app/index.html]
[bryan-herrera.netlify.app/script.js]
[bryan-herrera.netlify.app/images/safari-pinned-tab.svg]
[bryan-herrera.netlify.app/images/svg/fondo/fondo.svg]
[bryan-herrera.netlify.app/images/svg/fondo/waves.svg]
[bryan-herrera.netlify.app/images/svg/fondo/waves2.svg]
[bryan-herrera.netlify.app/images/svg/fondo/waves-static.svg]
[bryan-herrera.netlify.app/style.css]
[unpkg.com/aos@2.3.1/dist/aos.css]
[bryan-herrera.netlify.app/dist/animsition/animation.min.css]
[bryan-herrera.netlify.app/images/skills/html5-original-wordmark.svg]
[bryan-herrera.netlify.app/images/skills/css3-original-wordmark.svg]
[bryan-herrera.netlify.app/images/skills/javascript.svg]
[bryan-herrera.netlify.app/images/skills/git-original-wordmark.svg]
[bryan-herrera.netlify.app/images/skills/angular.svg]
[bryan-herrera.netlify.app/images/skills/sass-original.svg]
[bryan-herrera.netlify.app/images/skills/nodejs-original-wordmark.svg]
[bryan-herrera.netlify.app/images/skills/mongodb-original-wordmark.svg]
[bryan-herrera.netlify.app/images/skills/mysql-original-wordmark.svg]
[bryan-herrera.netlify.app/images/skills/vscode-original-wordmark.svg]
[bryan-herrera.netlify.app/images/skills/java-original-wordmark.svg]
[bryan-herrera.netlify.app/images/skills/debian-original-wordmark.svg]
[bryan-herrera.netlify.app/images/skills/typescript-original.svg]
[bryan-herrera.netlify.app/images/skills/github-original-wordmark.svg]
[bryan-herrera.netlify.app/images/skills/npm-original-wordmark.svg]
[bryan-herrera.netlify.app/images/svg/fondo/waves2-static.svg]
[cdnjs.cloudflare.com/ajax/libs/normalize/5.0.0/normalize.min.css]
[code.jquery.com/jquery-3.5.1.min.js]
[bryan-herrera.netlify.app/proyectos/responsive-social-platform-ui/style.css]
[bryan-herrera.netlify.app/index-2.html]
[bryan-herrera.netlify.app/images/back.png]
[images.genius.com/2326b69829d58232a2521f09333da1b3.1000x1000x1.jpg]
[pbs.twimg.com/profile_images/1102351320567164931/ZCkJgJIH.png]
[pbs.twimg.com/profile_images/1153966095444992000/1lpIyHaQ.jpg]
[randomuser.me/api/portraits/men/1.jpg]
[images.pexels.com/photos/598745/pexels-photo-598745d961.jpg]
[pbs.twimg.com/profile_images/2452384114/noplz47r59v1uxvyg8ku.png]
[randomuser.me/api/portraits/women/63.jpg]
[m.media-amazon.com/images/M/MV5BMjI4NDcyNjQxNl5BMl5BanBnXkFtZTgwMzI4OTM3NjM@._V1_UY256_CR13,0,172,256_AL_.jpg]
[pbs.twimg.com/profile_images/737221709267374081/sdwta9Oh.jpg]
[bryan-herrera.netlify.app/proyectos/responsive-social-platform-ui/index.html]
[cdn.jsdelivr.net/gh/alpinejs/alpine@v1.9.4/dist/alpine.js]
[tenor.com/assets/img/favicon/apple-touch-icon-57x57.png]
[tenor.com/assets/img/favicon/apple-touch-icon-60x60.png]
[tenor.com/assets/img/favicon/apple-touch-icon-72x72.png]
[tenor.com/assets/img/favicon/favicon-32x32.png]
[tenor.com/assets/img/favicon/favicon-16x16.png]
[tenor.com/assets/dist/cdn-html.min900a.css]
[tenor.com/assets/dist/cdn-html.min7208.js]
[media1.tenor.com/images/07bb5d84ddafd6d444312adbd2e471c8/tenor9a3a.html]
[media1.tenor.com/images/07bb5d84ddafd6d444312adbd2e471c8/tenor.html]
[cdn4.vectorstock.com/i/1000x1000/55/43/monkey-logo-vector-19555543.jpg]
[bryan-herrera.netlify.app/proyectos/redmonkeylayout/css/esPopup.css]
[bryan-herrera.netlify.app/proyectos/redmonkeylayout/css/bootstrap.min.css]
[bryan-herrera.netlify.app/proyectos/redmonkeylayout/css/ionicons.css]
[bryan-herrera.netlify.app/proyectos/redmonkeylayout/css/mobiriseicons.css]
[bryan-herrera.netlify.app/proyectos/redmonkeylayout/css/owl.carousel.min.css]
[bryan-herrera.netlify.app/proyectos/redmonkeylayout/css/splitting.css]
[bryan-herrera.netlify.app/proyectos/redmonkeylayout/css/magnific-popup.css]
[bryan-herrera.netlify.app/proyectos/redmonkeylayout/css/main.css]
[bryan-herrera.netlify.app/proyectos/redmonkeylayout/css/responsive.css]
[bryan-herrera.netlify.app/proyectos/redmonkeylayout/icon/docs/css/iconistic.min.css]
[bryan-herrera.netlify.app/your-path-to-fontawesome/css/fontawesome.54.delayed]
[i1.wp.com/www.sopitas.com/wp-content/uploads/2018/05/hacker-bancos-digital-spei.jpg]
[bryan-herrera.netlify.app/proyectos/redmonkeylayout/index-2.html]
[bryan-herrera.netlify.app/proyectos/redmonkeylayout/index2.html]
[bryan-herrera.netlify.app/proyectos/redmonkeylayout/index3.html]
[cdn.pixabay.com/photo/2019/02/19/01/39/hacker-4005882_960_720.png]
[img2.freepng.es/20180715/qeh/kisspng-white-hat-security-hacker-black-hat-briefings-comp-white-hat-hacker-icon-5b4b6fa28c83a9.7431898115316704345756.jpg]
[i.pinimg.com/originals/dd/2b/5f/dd2b5f54671cdbdc4f154468d911c249.jpg]
[www.forcepoint.com/sites/default/files/blog/legacy/u777/1.jpg]
[www.bayareachess.com/static/img/SanJoseHackers_logo.png]
[freepngimg.com/thumb/anonymous/35978-7-anonymous-transparent-image.png]
[code.jquery.com/jquery-1.12.4.js]
[bryan-herrera.netlify.app/proyectos/redmonkeylayout/js/ajax-mail.js]
[bryan-herrera.netlify.app/proyectos/redmonkeylayout/js/popup.js]
[bryan-herrera.netlify.app/proyectos/redmonkeylayout/js/plugins.js]
[bryan-herrera.netlify.app/proyectos/redmonkeylayout/index.html]
[bryan-herrera.netlify.app/proyectos/redmonkeylayout/js/main.js]
[bryan-herrera.netlify.app/proyectos/responsiveblogger/css/all.css]
[bryan-herrera.netlify.app/proyectos/responsiveblogger/css/owl.carousel.min.css]
[bryan-herrera.netlify.app/proyectos/responsiveblogger/css/style.css]
[bryan-herrera.netlify.app/proyectos/responsiveblogger/assets/Blog-post/post-1.jpg]
[bryan-herrera.netlify.app/proyectos/responsiveblogger/assets/Blog-post/post-2.jpg]
[bryan-herrera.netlify.app/proyectos/responsiveblogger/assets/Blog-post/post-3.jpg]
[bryan-herrera.netlify.app/proyectos/responsiveblogger/assets/Blog-post/post-5.png]
[bryan-herrera.netlify.app/proyectos/responsiveblogger/assets/Blog-post/blog1.png]
[bryan-herrera.netlify.app/proyectos/responsiveblogger/assets/Blog-post/blog2.png]
[bryan-herrera.netlify.app/proyectos/responsiveblogger/assets/Blog-post/blog3.png]
[bryan-herrera.netlify.app/proyectos/responsiveblogger/assets/Blog-post/blog4.png]
[bryan-herrera.netlify.app/proyectos/responsiveblogger/assets/popular-post/m-blog-1.jpg]
[bryan-herrera.netlify.app/proyectos/responsiveblogger/assets/popular-post/m-blog-2.jpg]
[bryan-herrera.netlify.app/proyectos/responsiveblogger/assets/popular-post/m-blog-3.jpg]
[bryan-herrera.netlify.app/proyectos/responsiveblogger/assets/popular-post/m-blog-4.jpg]
[bryan-herrera.netlify.app/proyectos/responsiveblogger/assets/popular-post/m-blog-5.jpg]
[code.jquery.com/jquery-3.6.0.min.js]
[bryan-herrera.netlify.app/proyectos/responsiveblogger/js/owl.carousel.min.js]
[bryan-herrera.netlify.app/proyectos/responsiveblogger/js/main.js]
[bryan-herrera.netlify.app/proyectos/responsiveblogger/index.html]
[cdnjs.cloudflare.com/ajax/libs/font-awesome/5.11.2/css/all.min.css]
[cdnjs.cloudflare.com/ajax/libs/OwlCarousel2/2.3.4/assets/owl.carousel.min.css]
[bryan-herrera.netlify.app/images/svg/fondo/fondo.svg]
[bryan-herrera.netlify.app/images/svg/fondo/waves.svg]
[bryan-herrera.netlify.app/images/svg/fondo/waves2.svg]
[bryan-herrera.netlify.app/images/svg/fondo/waves-static.svg]
[bryan-herrera.netlify.app/images/svg/fondo/waves2-static.svg]
[cdnjs.cloudflare.com/ajax/libs/normalize/5.0.0/normalize.min.css]
[bryan-herrera.netlify.app/proyectos/responsive-social-platform-ui/style.css]
[bryan-herrera.netlify.app/index-2.html]
[pbs.twimg.com/profile_images/1253782473953157124/x56UURmt_400x400.jpg]
[cdnjs.cloudflare.com/ajax/libs/OwlCarousel2/2.3.4/assets/owl.video.play.png]
[tenor.com/assets/dist/iconfont/iconfont0fc3.eot]
[tenor.com/assets/dist/iconfont/iconfontd49b.woff]
[tenor.com/assets/dist/iconfont/iconfontd49b.ttf]
[tenor.com/assets/dist/cdn-html.min900a.css]
[tenor.com/assets/dist/iconfont/iconfontd49b.svg]
[media1.tenor.com/images/07bb5d84ddafd6d444312adbd2e471c8/tenor.html]
[bryan-herrera.netlify.app/proyectos/redmonkeylayout/css/esPopup.css]
[tenor.com/cdn-html/images/07bb5d84ddafd6d444312adbd2e471c8/tenor.html]
[bryan-herrera.netlify.app/proyectos/redmonkeylayout/css/bootstrap.min.css]
[bryan-herrera.netlify.app/proyectos/redmonkeylayout/fonts/ionicons.7e790f.delayed]
[bryan-herrera.netlify.app/proyectos/redmonkeylayout/fonts/ionicons790f.ttf]
[bryan-herrera.netlify.app/proyectos/redmonkeylayout/fonts/ionicons790f.woff]
[bryan-herrera.netlify.app/proyectos/redmonkeylayout/fonts/ionicons.81790f.delayed]
[bryan-herrera.netlify.app/proyectos/redmonkeylayout/css/ionicons.css]
[bryan-herrera.netlify.app/proyectos/redmonkeylayout/fonts/mobirise.82.delayed]
[bryan-herrera.netlify.app/proyectos/redmonkeylayout/fonts/mobirise.ttf]
[bryan-herrera.netlify.app/proyectos/redmonkeylayout/fonts/mobirise.woff]
[bryan-herrera.netlify.app/proyectos/redmonkeylayout/fonts/mobirise.85.delayed]
[bryan-herrera.netlify.app/proyectos/redmonkeylayout/css/mobiriseicons.css]
[bryan-herrera.netlify.app/proyectos/redmonkeylayout/css/owl.video.play.86.delayed]
[bryan-herrera.netlify.app/proyectos/redmonkeylayout/css/owl.carousel.min.css]
[bryan-herrera.netlify.app/proyectos/redmonkeylayout/css/splitting.css]
[bryan-herrera.netlify.app/proyectos/redmonkeylayout/css/magnific-popup.css]
[bryan-herrera.netlify.app/proyectos/redmonkeylayout/img/dot-light.87.delayed]
[bryan-herrera.netlify.app/proyectos/redmonkeylayout/css/main.css]
[bryan-herrera.netlify.app/proyectos/redmonkeylayout/css/responsive.css]
[bryan-herrera.netlify.app/proyectos/redmonkeylayout/icon/docs/fonts/iconisticc3b7.eot]
[bryan-herrera.netlify.app/proyectos/redmonkeylayout/icon/docs/fonts/iconisticc3b7.ttf]
[bryan-herrera.netlify.app/proyectos/redmonkeylayout/icon/docs/xfonts/iconistic.8ac3b7.delayed]
[bryan-herrera.netlify.app/proyectos/redmonkeylayout/icon/docs/css/iconistic.min.css]
[bryan-herrera.netlify.app/proyectos/redmonkeylayout/icon/docs/css/style.css]
[bryan-herrera.netlify.app/your-path-to-fontawesome/css/fontawesome.html]
[bryan-herrera.netlify.app/proyectos/redmonkeylayout/index-2.html]
[bryan-herrera.netlify.app/proyectos/redmonkeylayout/icon/docs/fonts/iconisticc3b7.svg]
[bryan-herrera.netlify.app/proyectos/redmonkeylayout/js/vendor/jquery-1.12.4.min.8c.delayed]
[bryan-herrera.netlify.app/proyectos/redmonkeylayout/index2.html]
[bryan-herrera.netlify.app/proyectos/redmonkeylayout/index3.html]
[bryan-herrera.netlify.app/proyectos/responsiveblogger/webfonts/fa-brands-400.eot]
[bryan-herrera.netlify.app/proyectos/responsiveblogger/webfonts/fa-brands-400d41d.eot]
[bryan-herrera.netlify.app/proyectos/responsiveblogger/webfonts/fa-brands-400.woff2]
[bryan-herrera.netlify.app/proyectos/responsiveblogger/webfonts/fa-brands-400.woff]
[bryan-herrera.netlify.app/proyectos/responsiveblogger/webfonts/fa-brands-400.ttf]
[bryan-herrera.netlify.app/proyectos/responsiveblogger/webfonts/fa-regular-400.eot]
[bryan-herrera.netlify.app/proyectos/responsiveblogger/webfonts/fa-brands-400.svg]
[bryan-herrera.netlify.app/proyectos/responsiveblogger/webfonts/fa-regular-400d41d.eot]
[bryan-herrera.netlify.app/proyectos/responsiveblogger/webfonts/fa-regular-400.woff2]
[bryan-herrera.netlify.app/proyectos/responsiveblogger/webfonts/fa-regular-400.woff]
[bryan-herrera.netlify.app/proyectos/responsiveblogger/webfonts/fa-regular-400.ttf]
[bryan-herrera.netlify.app/proyectos/responsiveblogger/webfonts/fa-regular-400.svg]
[bryan-herrera.netlify.app/proyectos/responsiveblogger/webfonts/fa-solid-900.eot]
[bryan-herrera.netlify.app/proyectos/responsiveblogger/webfonts/fa-solid-900d41d.eot]
[bryan-herrera.netlify.app/proyectos/responsiveblogger/webfonts/fa-solid-900.woff2]
[bryan-herrera.netlify.app/proyectos/responsiveblogger/webfonts/fa-solid-900.woff]
[bryan-herrera.netlify.app/proyectos/responsiveblogger/webfonts/fa-solid-900.ttf]
[bryan-herrera.netlify.app/proyectos/responsiveblogger/css/all.css]
[bryan-herrera.netlify.app/proyectos/responsiveblogger/css/owl.video.play.9f.delayed]
[bryan-herrera.netlify.app/proyectos/responsiveblogger/css/owl.carousel.min.css]
[bryan-herrera.netlify.app/proyectos/responsiveblogger/css/owl.theme.default.min.css]
[bryan-herrera.netlify.app/proyectos/responsiveblogger/webfonts/fa-solid-900.svg]
[bryan-herrera.netlify.app/proyectos/responsiveblogger/assets/Background-image-2.png]
[bryan-herrera.netlify.app/proyectos/responsiveblogger/assets/Abract01.png]
[bryan-herrera.netlify.app/proyectos/responsiveblogger/css/style.css]
[tenor.com/assets/dist/iconfont/iconfontd49b.svg]
[tenor.com/cdn-html/images/07bb5d84ddafd6d444312adbd2e471c8/tenor.html]
[bryan-herrera.netlify.app/proyectos/redmonkeylayout/fonts/ionicons790f.html]
[bryan-herrera.netlify.app/proyectos/redmonkeylayout/fonts/ionicons790f-2.html]
[bryan-herrera.netlify.app/proyectos/redmonkeylayout/fonts/mobirise.html]
[bryan-herrera.netlify.app/proyectos/redmonkeylayout/fonts/mobirise-2.html]
[bryan-herrera.netlify.app/proyectos/redmonkeylayout/css/owl.video.play.html]
[bryan-herrera.netlify.app/proyectos/redmonkeylayout/img/dot-light.html]
[bryan-herrera.netlify.app/proyectos/redmonkeylayout/icon/docs/xfonts/iconisticc3b7.html]
[bryan-herrera.netlify.app/proyectos/redmonkeylayout/icon/docs/fonts/iconisticc3b7.svg]
[bryan-herrera.netlify.app/proyectos/redmonkeylayout/js/vendor/jquery-1.12.4.min.html]
[bryan-herrera.netlify.app/proyectos/responsiveblogger/webfonts/fa-brands-400.svg]
[bryan-herrera.netlify.app/proyectos/responsiveblogger/webfonts/fa-regular-400.svg]
[bryan-herrera.netlify.app/proyectos/responsiveblogger/webfonts/fa-solid-900.svg]
[bryan-herrera.netlify.app/proyectos/responsiveblogger/css/owl.video.play.html]
[bryan-herrera.netlify.app/proyectos/responsiveblogger/fonts/Abel-Regular.ttf]
[bryan-herrera.netlify.app/proyectos/responsiveblogger/fonts/Anton-Regular.ttf]
[bryan-herrera.netlify.app/proyectos/responsiveblogger/fonts/static/JosefinSans-Regular.ttf]
[bryan-herrera.netlify.app/proyectos/responsiveblogger/fonts/LexendDeca-Regular.ttf]
[bryan-herrera.netlify.app/proyectos/responsiveblogger/fonts/Livvic-Regular.ttf]
[bryan-herrera.netlify.app/proyectos/responsiveblogger/css/fonts.css]
